<?xml version="1.0" encoding="UTF-8"?>
<!-- Generated by org.testng.reporters.JUnitReportReporter -->
<testsuite hostname="DESKTOP-G61C56A" failures="0" tests="2" name="test.Day_2" time="0.009" errors="0" timestamp="2025-05-19T20:06:00 IST" skipped="0">
  <testcase classname="test.Day_2" name="Testcase4" time="0.006"/>
  <testcase classname="test.Day_2" name="Testcase7" time="0.003"/>
</testsuite> <!-- test.Day_2 -->
