<?xml version="1.0" encoding="UTF-8"?>
<!-- Generated by org.testng.reporters.JUnitReportReporter -->
<testsuite hostname="DESKTOP-G61C56A" failures="0" tests="7" name="test.Day_3" time="0.021" errors="0" timestamp="2025-05-19T20:06:00 IST" skipped="0">
  <testcase classname="test.Day_3" name="Weblogincarloan" time="0.007"/>
  <testcase classname="test.Day_3" name="Weblogincarloan3" time="0.003"/>
  <testcase classname="test.Day_3" name="Weblogincarloan1" time="0.002"/>
  <testcase classname="test.Day_3" name="Weblogincarloan4" time="0.002"/>
  <testcase classname="test.Day_3" name="Weblogincarloan2" time="0.003"/>
  <testcase classname="test.Day_3" name="Weblogincarloan4" time="0.001"/>
  <testcase classname="test.Day_3" name="Weblogincarloan4" time="0.003"/>
</testsuite> <!-- test.Day_3 -->
