<?xml version="1.0" encoding="UTF-8"?>
<!-- Generated by org.testng.reporters.JUnitReportReporter -->
<testsuite hostname="DESKTOP-G61C56A" failures="0" tests="1" name="test.Day_1" time="0.013" errors="0" timestamp="2025-05-19T20:05:56 IST" skipped="0">
  <testcase classname="test.Day_1" name="Testcase2" time="0.013"/>
</testsuite> <!-- test.Day_1 -->
